<?xml version="1.0" encoding="UTF-8"?>
<testsuite name="com.giftapi.repository.ProductRepositoryTests" tests="4" skipped="0" failures="1" errors="0" timestamp="2025-07-08T03:45:32.917Z" hostname="소망2-15" time="0.53">
  <properties/>
  <testcase name="testInsertDummy()" classname="com.giftapi.repository.ProductRepositoryTests" time="0.386">
    <failure message="org.springframework.dao.DataIntegrityViolationException: could not execute statement [(conn=48) Column 'sale_price' cannot be null] [insert into product (discount_rate,expire_date,pname,price,sale_price) values (?,?,?,?,?) returning pno]; SQL [insert into product (discount_rate,expire_date,pname,price,sale_price) values (?,?,?,?,?) returning pno]; constraint [null]" type="org.springframework.dao.DataIntegrityViolationException">org.springframework.dao.DataIntegrityViolationException: could not execute statement [(conn=48) Column 'sale_price' cannot be null] [insert into product (discount_rate,expire_date,pname,price,sale_price) values (?,?,?,?,?) returning pno]; SQL [insert into product (discount_rate,expire_date,pname,price,sale_price) values (?,?,?,?,?) returning pno]; constraint [null]
	at app//org.springframework.orm.jpa.vendor.HibernateJpaDialect.convertHibernateAccessException(HibernateJpaDialect.java:290)
	at app//org.springframework.orm.jpa.vendor.HibernateJpaDialect.translateExceptionIfPossible(HibernateJpaDialect.java:241)
	at app//org.springframework.orm.jpa.AbstractEntityManagerFactoryBean.translateExceptionIfPossible(AbstractEntityManagerFactoryBean.java:550)
	at app//org.springframework.dao.support.ChainedPersistenceExceptionTranslator.translateExceptionIfPossible(ChainedPersistenceExceptionTranslator.java:61)
	at app//org.springframework.dao.support.DataAccessUtils.translateIfNecessary(DataAccessUtils.java:335)
	at app//org.springframework.dao.support.PersistenceExceptionTranslationInterceptor.invoke(PersistenceExceptionTranslationInterceptor.java:160)
	at app//org.springframework.aop.framework.ReflectiveMethodInvocation.proceed(ReflectiveMethodInvocation.java:184)
	at app//org.springframework.data.jpa.repository.support.CrudMethodMetadataPostProcessor$CrudMethodMetadataPopulatingMethodInterceptor.invoke(CrudMethodMetadataPostProcessor.java:165)
	at app//org.springframework.aop.framework.ReflectiveMethodInvocation.proceed(ReflectiveMethodInvocation.java:184)
	at app//org.springframework.aop.interceptor.ExposeInvocationInterceptor.invoke(ExposeInvocationInterceptor.java:97)
	at app//org.springframework.aop.framework.ReflectiveMethodInvocation.proceed(ReflectiveMethodInvocation.java:184)
	at app//org.springframework.aop.framework.JdkDynamicAopProxy.invoke(JdkDynamicAopProxy.java:223)
	at app/jdk.proxy3/jdk.proxy3.$Proxy141.save(Unknown Source)
	at app//com.giftapi.repository.ProductRepositoryTests.lambda$testInsertDummy$0(ProductRepositoryTests.java:34)
	at java.base@21.0.7/java.util.stream.Streams$RangeIntSpliterator.forEachRemaining(Streams.java:104)
	at java.base@21.0.7/java.util.stream.IntPipeline$Head.forEach(IntPipeline.java:617)
	at app//com.giftapi.repository.ProductRepositoryTests.testInsertDummy(ProductRepositoryTests.java:27)
	at java.base@21.0.7/java.lang.reflect.Method.invoke(Method.java:580)
	at java.base@21.0.7/java.util.ArrayList.forEach(ArrayList.java:1596)
	at java.base@21.0.7/java.util.ArrayList.forEach(ArrayList.java:1596)
Caused by: org.hibernate.exception.ConstraintViolationException: could not execute statement [(conn=48) Column 'sale_price' cannot be null] [insert into product (discount_rate,expire_date,pname,price,sale_price) values (?,?,?,?,?) returning pno]
	at app//org.hibernate.exception.internal.SQLExceptionTypeDelegate.convert(SQLExceptionTypeDelegate.java:62)
	at app//org.hibernate.exception.internal.StandardSQLExceptionConverter.convert(StandardSQLExceptionConverter.java:58)
	at app//org.hibernate.engine.jdbc.spi.SqlExceptionHelper.convert(SqlExceptionHelper.java:108)
	at app//org.hibernate.engine.jdbc.internal.ResultSetReturnImpl.execute(ResultSetReturnImpl.java:145)
	at app//org.hibernate.id.insert.InsertReturningDelegate.executeAndExtractReturning(InsertReturningDelegate.java:96)
	at app//org.hibernate.id.insert.AbstractReturningDelegate.performMutation(AbstractReturningDelegate.java:58)
	at app//org.hibernate.engine.jdbc.mutation.internal.MutationExecutorSingleNonBatched.performNonBatchedOperations(MutationExecutorSingleNonBatched.java:47)
	at app//org.hibernate.engine.jdbc.mutation.internal.AbstractMutationExecutor.execute(AbstractMutationExecutor.java:55)
	at app//org.hibernate.persister.entity.mutation.InsertCoordinatorStandard.doStaticInserts(InsertCoordinatorStandard.java:194)
	at app//org.hibernate.persister.entity.mutation.InsertCoordinatorStandard.coordinateInsert(InsertCoordinatorStandard.java:132)
	at app//org.hibernate.persister.entity.mutation.InsertCoordinatorStandard.insert(InsertCoordinatorStandard.java:95)
	at app//org.hibernate.action.internal.EntityIdentityInsertAction.execute(EntityIdentityInsertAction.java:85)
	at app//org.hibernate.engine.spi.ActionQueue.execute(ActionQueue.java:671)
	at app//org.hibernate.engine.spi.ActionQueue.addResolvedEntityInsertAction(ActionQueue.java:292)
	at app//org.hibernate.engine.spi.ActionQueue.addInsertAction(ActionQueue.java:273)
	at app//org.hibernate.engine.spi.ActionQueue.addAction(ActionQueue.java:323)
	at app//org.hibernate.event.internal.AbstractSaveEventListener.addInsertAction(AbstractSaveEventListener.java:391)
	at app//org.hibernate.event.internal.AbstractSaveEventListener.performSaveOrReplicate(AbstractSaveEventListener.java:305)
	at app//org.hibernate.event.internal.AbstractSaveEventListener.performSave(AbstractSaveEventListener.java:224)
	at app//org.hibernate.event.internal.AbstractSaveEventListener.saveWithGeneratedId(AbstractSaveEventListener.java:137)
	at app//org.hibernate.event.internal.DefaultPersistEventListener.entityIsTransient(DefaultPersistEventListener.java:175)
	at app//org.hibernate.event.internal.DefaultPersistEventListener.persist(DefaultPersistEventListener.java:93)
	at app//org.hibernate.event.internal.DefaultPersistEventListener.onPersist(DefaultPersistEventListener.java:77)
	at app//org.hibernate.event.internal.DefaultPersistEventListener.onPersist(DefaultPersistEventListener.java:54)
	at app//org.hibernate.event.service.internal.EventListenerGroupImpl.fireEventOnEachListener(EventListenerGroupImpl.java:127)
	at app//org.hibernate.internal.SessionImpl.firePersist(SessionImpl.java:757)
	at app//org.hibernate.internal.SessionImpl.persist(SessionImpl.java:741)
	at java.base@21.0.7/jdk.internal.reflect.DirectMethodHandleAccessor.invoke(DirectMethodHandleAccessor.java:103)
	at java.base@21.0.7/java.lang.reflect.Method.invoke(Method.java:580)
	at app//org.springframework.orm.jpa.SharedEntityManagerCreator$SharedEntityManagerInvocationHandler.invoke(SharedEntityManagerCreator.java:319)
	at app/jdk.proxy3/jdk.proxy3.$Proxy133.persist(Unknown Source)
	at app//org.springframework.data.jpa.repository.support.SimpleJpaRepository.save(SimpleJpaRepository.java:636)
	at java.base@21.0.7/jdk.internal.reflect.DirectMethodHandleAccessor.invoke(DirectMethodHandleAccessor.java:103)
	at java.base@21.0.7/java.lang.reflect.Method.invoke(Method.java:580)
	at app//org.springframework.aop.support.AopUtils.invokeJoinpointUsingReflection(AopUtils.java:355)
	at app//org.springframework.data.repository.core.support.RepositoryMethodInvoker$RepositoryFragmentMethodInvoker.lambda$new$0(RepositoryMethodInvoker.java:277)
	at app//org.springframework.data.repository.core.support.RepositoryMethodInvoker.doInvoke(RepositoryMethodInvoker.java:170)
	at app//org.springframework.data.repository.core.support.RepositoryMethodInvoker.invoke(RepositoryMethodInvoker.java:158)
	at app//org.springframework.data.repository.core.support.RepositoryComposition$RepositoryFragments.invoke(RepositoryComposition.java:516)
	at app//org.springframework.data.repository.core.support.RepositoryComposition.invoke(RepositoryComposition.java:285)
	at app//org.springframework.data.repository.core.support.RepositoryFactorySupport$ImplementationMethodExecutionInterceptor.invoke(RepositoryFactorySupport.java:628)
	at app//org.springframework.aop.framework.ReflectiveMethodInvocation.proceed(ReflectiveMethodInvocation.java:184)
	at app//org.springframework.data.repository.core.support.QueryExecutorMethodInterceptor.doInvoke(QueryExecutorMethodInterceptor.java:173)
	at app//org.springframework.data.repository.core.support.QueryExecutorMethodInterceptor.invoke(QueryExecutorMethodInterceptor.java:148)
	at app//org.springframework.aop.framework.ReflectiveMethodInvocation.proceed(ReflectiveMethodInvocation.java:184)
	at app//org.springframework.data.projection.DefaultMethodInvokingMethodInterceptor.invoke(DefaultMethodInvokingMethodInterceptor.java:70)
	at app//org.springframework.aop.framework.ReflectiveMethodInvocation.proceed(ReflectiveMethodInvocation.java:184)
	at app//org.springframework.transaction.interceptor.TransactionAspectSupport.invokeWithinTransaction(TransactionAspectSupport.java:379)
	at app//org.springframework.transaction.interceptor.TransactionInterceptor.invoke(TransactionInterceptor.java:119)
	at app//org.springframework.aop.framework.ReflectiveMethodInvocation.proceed(ReflectiveMethodInvocation.java:184)
	at app//org.springframework.dao.support.PersistenceExceptionTranslationInterceptor.invoke(PersistenceExceptionTranslationInterceptor.java:138)
	... 14 more
Caused by: java.sql.SQLIntegrityConstraintViolationException: (conn=48) Column 'sale_price' cannot be null
	at org.mariadb.jdbc.export.ExceptionFactory.createException(ExceptionFactory.java:297)
	at org.mariadb.jdbc.export.ExceptionFactory.create(ExceptionFactory.java:378)
	at org.mariadb.jdbc.client.result.Result.readNext(Result.java:206)
	at org.mariadb.jdbc.client.result.CompleteResult.&lt;init&gt;(CompleteResult.java:78)
	at org.mariadb.jdbc.message.ClientMessage.readPacket(ClientMessage.java:313)
	at org.mariadb.jdbc.client.impl.StandardClient.readPacket(StandardClient.java:915)
	at org.mariadb.jdbc.client.impl.StandardClient.readResults(StandardClient.java:854)
	at org.mariadb.jdbc.client.impl.StandardClient.readResponse(StandardClient.java:773)
	at org.mariadb.jdbc.client.impl.StandardClient.execute(StandardClient.java:697)
	at org.mariadb.jdbc.ClientPreparedStatement.executeInternal(ClientPreparedStatement.java:93)
	at org.mariadb.jdbc.ClientPreparedStatement.execute(ClientPreparedStatement.java:277)
	at com.zaxxer.hikari.pool.ProxyPreparedStatement.execute(ProxyPreparedStatement.java:44)
	at com.zaxxer.hikari.pool.HikariProxyPreparedStatement.execute(HikariProxyPreparedStatement.java)
	at org.hibernate.engine.jdbc.internal.ResultSetReturnImpl.execute(ResultSetReturnImpl.java:129)
	... 61 more
</failure>
  </testcase>
  <testcase name="testReadOne()" classname="com.giftapi.repository.ProductRepositoryTests" time="0.063"/>
  <testcase name="testDelete()" classname="com.giftapi.repository.ProductRepositoryTests" time="0.068"/>
  <testcase name="testUpdate()" classname="com.giftapi.repository.ProductRepositoryTests" time="0.009"/>
  <system-out><![CDATA[2025-07-08T12:45:32.901+09:00  INFO 9900 --- [giftapi] [    Test worker] t.c.s.AnnotationConfigContextLoaderUtils : Could not detect default configuration classes for test class [com.giftapi.repository.ProductRepositoryTests]: ProductRepositoryTests does not declare any static, non-private, non-final, nested classes annotated with @Configuration.
2025-07-08T12:45:32.914+09:00  INFO 9900 --- [giftapi] [    Test worker] .b.t.c.SpringBootTestContextBootstrapper : Found @SpringBootConfiguration com.giftapi.GiftapiApplication for test class com.giftapi.repository.ProductRepositoryTests
Hibernate: 
    select
        count(*) 
    from
        product p1_0
Hibernate: 
    insert 
    into
        product
        (discount_rate, expire_date, pname, price, sale_price) 
    values
        (?, ?, ?, ?, ?) 
    returning pno
2025-07-08T12:45:33.285+09:00  WARN 9900 --- [giftapi] [    Test worker] o.m.jdbc.message.server.ErrorPacket      : Error: 1048-23000: Column 'sale_price' cannot be null
2025-07-08T12:45:33.286+09:00  WARN 9900 --- [giftapi] [    Test worker] o.h.engine.jdbc.spi.SqlExceptionHelper   : SQL Error: 1048, SQLState: 23000
2025-07-08T12:45:33.286+09:00 ERROR 9900 --- [giftapi] [    Test worker] o.h.engine.jdbc.spi.SqlExceptionHelper   : (conn=48) Column 'sale_price' cannot be null
Hibernate: 
    select
        p1_0.pno,
        p1_0.discount_rate,
        p1_0.expire_date,
        p1_0.pname,
        p1_0.price,
        p1_0.sale_price 
    from
        product p1_0 
    where
        p1_0.pno=?
Hibernate: 
    select
        ufn1_0.pno,
        ufn1_0.filename 
    from
        product_images ufn1_0 
    where
        ufn1_0.pno=?
2025-07-08T12:45:33.343+09:00  INFO 9900 --- [giftapi] [    Test worker] c.g.repository.ProductRepositoryTests    : Read Product: Product(pno=1, pname=스타벅스 아메리카노, price=4000, salePrice=3520, discountRate=12, uploadFileNames=[sb_americano.png], expireDate=2025-12-31)
Hibernate: 
    select
        p1_0.pno,
        p1_0.discount_rate,
        p1_0.expire_date,
        p1_0.pname,
        p1_0.price,
        p1_0.sale_price 
    from
        product p1_0 
    where
        p1_0.pno=?
Hibernate: 
    delete 
    from
        product_images 
    where
        pno=?
Hibernate: 
    delete 
    from
        product 
    where
        pno=?
Hibernate: 
    select
        count(*) 
    from
        product p1_0 
    where
        p1_0.pno=?
2025-07-08T12:45:33.432+09:00  INFO 9900 --- [giftapi] [    Test worker] c.g.repository.ProductRepositoryTests    : Deleted pno=5, exists? false
Hibernate: 
    select
        p1_0.pno,
        p1_0.discount_rate,
        p1_0.expire_date,
        p1_0.pname,
        p1_0.price,
        p1_0.sale_price 
    from
        product p1_0 
    where
        p1_0.pno=?
Hibernate: 
    select
        ufn1_0.pno,
        ufn1_0.filename 
    from
        product_images ufn1_0 
    where
        ufn1_0.pno=?
2025-07-08T12:45:33.443+09:00  INFO 9900 --- [giftapi] [    Test worker] c.g.repository.ProductRepositoryTests    : Updated Product: Product(pno=1, pname=스타벅스 아메리카노, price=4500, salePrice=3520, discountRate=12, uploadFileNames=[sb_americano.png], expireDate=2025-12-31)
]]></system-out>
  <system-err><![CDATA[]]></system-err>
</testsuite>
